<?xml version="1.0" encoding="UTF-8"?>
<robot generator="Robot 3.2.2 (Python 3.9.2 on win32)" generated="20210407 18:01:57.671" rpa="false">
<suite id="s1" name="RobotTask" source="C:\Users\LAP\eclipse-workspace\RobotTask">
<suite id="s1-s1" name="Tests" source="C:\Users\LAP\eclipse-workspace\RobotTask\Tests">
<suite id="s1-s1-s1" name="LoginTest" source="C:\Users\LAP\eclipse-workspace\RobotTask\Tests\LoginTest.robot">
<test id="s1-s1-s1-t1" name="CheckLogin">
<kw name="StartDriver" library="TestBase" type="setup">
<kw name="Open Browser" library="SeleniumLibrary">
<doc>Opens a new browser instance to the optional ``url``.</doc>
<arguments>
<arg>${url}</arg>
<arg>${driver}</arg>
</arguments>
<msg timestamp="20210407 18:01:58.092" level="INFO">Opening browser 'chrome' to base url 'https://the-internet.herokuapp.com/'.</msg>
<status status="PASS" starttime="20210407 18:01:58.091" endtime="20210407 18:02:02.288"></status>
</kw>
<kw name="Maximize Browser Window" library="SeleniumLibrary">
<doc>Maximizes current browser window.</doc>
<status status="PASS" starttime="20210407 18:02:02.289" endtime="20210407 18:02:02.415"></status>
</kw>
<status status="PASS" starttime="20210407 18:01:58.091" endtime="20210407 18:02:02.416"></status>
</kw>
<kw name="OpenLoginLink" library="LoginPage">
<kw name="Click Element" library="SeleniumLibrary">
<doc>Click the element identified by ``locator``.</doc>
<arguments>
<arg>${loginLink}</arg>
</arguments>
<msg timestamp="20210407 18:02:02.418" level="INFO">Clicking element 'xpath:/html/body/div[2]/div/ul/li[21]/a'.</msg>
<status status="PASS" starttime="20210407 18:02:02.417" endtime="20210407 18:02:03.130"></status>
</kw>
<status status="PASS" starttime="20210407 18:02:02.417" endtime="20210407 18:02:03.131"></status>
</kw>
<kw name="Wait Until Page Contains Element" library="SeleniumLibrary">
<doc>Waits until the element ``locator`` appears on the current page.</doc>
<arguments>
<arg>${submit}</arg>
</arguments>
<status status="PASS" starttime="20210407 18:02:03.131" endtime="20210407 18:02:03.155"></status>
</kw>
<kw name="Login" library="LoginPage">
<arguments>
<arg>test</arg>
<arg>test</arg>
</arguments>
<kw name="Input Text" library="SeleniumLibrary">
<doc>Types the given ``text`` into the text field identified by ``locator``.</doc>
<arguments>
<arg>${userName}</arg>
<arg>${name}</arg>
</arguments>
<msg timestamp="20210407 18:02:03.157" level="INFO">Typing text 'test' into text field 'id:username'.</msg>
<status status="PASS" starttime="20210407 18:02:03.156" endtime="20210407 18:02:03.286"></status>
</kw>
<kw name="Input Password" library="SeleniumLibrary">
<doc>Types the given password into the text field identified by ``locator``.</doc>
<arguments>
<arg>${password}</arg>
<arg>${pass}</arg>
</arguments>
<msg timestamp="20210407 18:02:03.288" level="INFO">Typing password into text field 'id:password'.</msg>
<msg timestamp="20210407 18:02:03.352" level="INFO">Temporally setting log level to: NONE</msg>
<msg timestamp="20210407 18:02:03.422" level="INFO">Log level changed from NONE to INFO.</msg>
<status status="PASS" starttime="20210407 18:02:03.287" endtime="20210407 18:02:03.422"></status>
</kw>
<kw name="Click Button" library="SeleniumLibrary">
<doc>Clicks the button identified by ``locator``.</doc>
<arguments>
<arg>${submit}</arg>
</arguments>
<msg timestamp="20210407 18:02:03.423" level="INFO">Clicking button 'xpath://*[@id="login"]/button'.</msg>
<status status="PASS" starttime="20210407 18:02:03.423" endtime="20210407 18:02:04.070"></status>
</kw>
<status status="PASS" starttime="20210407 18:02:03.155" endtime="20210407 18:02:04.071"></status>
</kw>
<kw name="Set Selenium Implicit Wait" library="SeleniumLibrary">
<doc>Sets the implicit wait value used by Selenium.</doc>
<arguments>
<arg>3s</arg>
</arguments>
<status status="PASS" starttime="20210407 18:02:04.072" endtime="20210407 18:02:04.075"></status>
</kw>
<kw name="Element Should Contain" library="SeleniumLibrary">
<doc>Verifies that element ``locator`` contains text ``expected``.</doc>
<arguments>
<arg>${message}</arg>
<arg>Your username is invalid!</arg>
</arguments>
<msg timestamp="20210407 18:02:04.116" level="INFO">Element 'id:flash' contains text 'Your username is invalid!'.</msg>
<status status="PASS" starttime="20210407 18:02:04.075" endtime="20210407 18:02:04.118"></status>
</kw>
<kw name="CloseDriver" library="TestBase" type="teardown">
<kw name="Close Browser" library="SeleniumLibrary">
<doc>Closes the current browser.</doc>
<status status="PASS" starttime="20210407 18:02:04.119" endtime="20210407 18:02:06.322"></status>
</kw>
<status status="PASS" starttime="20210407 18:02:04.118" endtime="20210407 18:02:06.324"></status>
</kw>
<status status="PASS" starttime="20210407 18:01:58.090" endtime="20210407 18:02:06.325" critical="yes"></status>
</test>
<status status="PASS" starttime="20210407 18:01:57.761" endtime="20210407 18:02:06.328"></status>
</suite>
<status status="PASS" starttime="20210407 18:01:57.758" endtime="20210407 18:02:06.338"></status>
</suite>
<status status="PASS" starttime="20210407 18:01:57.729" endtime="20210407 18:02:06.344"></status>
</suite>
<statistics>
<total>
<stat pass="1" fail="0">Critical Tests</stat>
<stat pass="1" fail="0">All Tests</stat>
</total>
<tag>
</tag>
<suite>
<stat pass="1" fail="0" id="s1" name="RobotTask">RobotTask</stat>
<stat pass="1" fail="0" id="s1-s1" name="Tests">RobotTask.Tests</stat>
<stat pass="1" fail="0" id="s1-s1-s1" name="LoginTest">RobotTask.Tests.LoginTest</stat>
</suite>
</statistics>
<errors>
</errors>
</robot>
